[04:39:21.154][INFO][CraftTweaker-EarlyInit]: CraftTweaker is running on a Minecraft 1.20.1 production server modded with platform Forge
[04:39:21.162][INFO][CraftTweaker-EarlyInit]: Successfully injected RecipeFS file system
[04:39:21.212][INFO][CraftTweaker-Plugins]: Successfully identified and loaded plugin crafttweaker:builtin
[04:39:21.216][INFO][CraftTweaker-Plugins]: Successfully identified and loaded plugin crafttweaker:builtin_forge
[04:39:21.222][INFO][CraftTweaker-Plugins]: Successfully identified and loaded plugin farmersdelight:crafttweaker_plugin
[04:39:22.159][INFO][CraftTweaker]: The following mods have explicit CraftTweaker support through the default plugin:
[04:39:22.160][INFO][CraftTweaker]: - 'aquaculture' at version '2.5.1'
[04:39:22.160][INFO][CraftTweaker]: - 'crafttweaker' at version '14.0.30'
[04:39:22.160][INFO][CraftTweaker]: - 'farmersdelight' at version '1.20.1-1.2.4'
[04:39:36.187][INFO][CraftTweaker-ZenCode]: Started loading scripts for loader 'initialize'
[04:39:36.841][INFO][CraftTweaker-ZenCode]: Compiling and executing scripts
[04:39:36.873][INFO][CraftTweaker-ZenCode]: Successfully initialized modules [crafttweaker, expansions]
[04:39:36.956][INFO][CraftTweaker-ZenCode]: Execution for loader 'initialize' completed successfully
[04:39:47.819][INFO][CraftTweaker-ZenCode]: Started loading scripts for loader 'tags'
[04:39:47.887][INFO][CraftTweaker-ZenCode]: Compiling and executing scripts
[04:39:47.928][INFO][CraftTweaker-ZenCode]: Successfully initialized modules [crafttweaker, expansions]
[04:39:47.958][INFO][CraftTweaker-ZenCode]: Execution for loader 'tags' completed successfully
[04:39:49.712][INFO][CraftTweaker]: crafttweaker.reload.start
[04:39:49.717][INFO][CraftTweaker-ZenCode]: Started loading scripts for loader 'crafttweaker'
[04:39:49.753][INFO][CraftTweaker-ZenCode]: Compiling and executing scripts
[04:39:50.241][INFO][CraftTweaker-ZenCode]: Successfully initialized modules [mods, crafttweaker, expansions]
[04:39:50.265][INFO][CraftTweaker-ZenCode]: Execution for loader 'crafttweaker' completed successfully
[04:39:50.266][INFO][CraftTweaker]: crafttweaker.reload.complete
