[19mar.2024 00:00:35.168] [Server thread/INFO] [net.minecraft.server.MinecraftServer/]: MiniKaeru has made the advancement [A trip to the Countryside]
[19mar.2024 00:13:20.909] [Server thread/INFO] [net.minecraft.server.network.ServerGamePacketListenerImpl/]: SoyPoncho_ lost connection: Disconnected
[19mar.2024 00:13:20.909] [Server thread/INFO] [net.minecraft.server.MinecraftServer/]: SoyPoncho_ left the game
[19mar.2024 00:13:20.909] [Server thread/INFO] [xaero.pac.OpenPartiesAndClaims/]: Updating all forceload tickets for 4be9efb6-adef-400b-9f63-c249f5a73779
[19mar.2024 00:13:20.909] [Server thread/INFO] [voicechat/]: [voicechat] Disconnecting client SoyPoncho_
[19mar.2024 00:14:45.540] [User Authenticator #77/INFO] [net.minecraft.server.network.ServerLoginPacketListenerImpl/]: UUID of player SoyPoncho_ is 4be9efb6-adef-400b-9f63-c249f5a73779
[19mar.2024 00:14:53.680] [Server thread/INFO] [net.minecraft.server.players.PlayerList/]: SoyPoncho_[/127.46.44.67:54278] logged in with entity id 565378 at (-3628.2011775878686, 75.0, -1172.3509245937273)
[19mar.2024 00:14:53.711] [Server thread/INFO] [net.minecraft.server.MinecraftServer/]: SoyPoncho_ joined the game
[19mar.2024 00:14:53.789] [Server thread/INFO] [xaero.pac.OpenPartiesAndClaims/]: Updating all forceload tickets for 4be9efb6-adef-400b-9f63-c249f5a73779
[19mar.2024 00:14:53.789] [Server thread/INFO] [Jade/]: Syncing config to SoyPoncho_ (4be9efb6-adef-400b-9f63-c249f5a73779)
[19mar.2024 00:14:54.711] [Server thread/INFO] [voicechat/]: [voicechat] Received secret request of SoyPoncho_ (17)
[19mar.2024 00:14:54.726] [Server thread/INFO] [voicechat/]: [voicechat] Sent secret to SoyPoncho_
[19mar.2024 00:14:57.301] [VoiceChatPacketProcessingThread/INFO] [voicechat/]: [voicechat] Successfully authenticated player 4be9efb6-adef-400b-9f63-c249f5a73779
[19mar.2024 00:14:58.307] [VoiceChatPacketProcessingThread/INFO] [voicechat/]: [voicechat] Successfully validated connection of player 4be9efb6-adef-400b-9f63-c249f5a73779
[19mar.2024 00:14:58.307] [VoiceChatPacketProcessingThread/INFO] [voicechat/]: [voicechat] Player SoyPoncho_ (4be9efb6-adef-400b-9f63-c249f5a73779) successfully connected to voice chat
[19mar.2024 00:23:03.416] [Server thread/INFO] [net.minecraft.server.MinecraftServer/]: MiniKaeru has made the advancement [Thorn Again]
[19mar.2024 00:36:56.119] [Server thread/INFO] [net.minecraft.server.network.ServerGamePacketListenerImpl/]: MiniKaeru lost connection: Disconnected
[19mar.2024 00:36:56.119] [Server thread/INFO] [net.minecraft.server.MinecraftServer/]: MiniKaeru left the game
[19mar.2024 00:36:56.119] [Server thread/INFO] [xaero.pac.OpenPartiesAndClaims/]: Updating all forceload tickets for dd5e547c-c58f-48c7-81a6-ac11ae165807
[19mar.2024 00:36:56.119] [Server thread/INFO] [voicechat/]: [voicechat] Disconnecting client MiniKaeru
[19mar.2024 00:54:30.362] [Server thread/INFO] [net.minecraft.server.network.ServerGamePacketListenerImpl/]: SoyPoncho_ lost connection: Disconnected
[19mar.2024 00:54:30.362] [Server thread/INFO] [net.minecraft.server.MinecraftServer/]: SoyPoncho_ left the game
[19mar.2024 00:54:30.362] [Server thread/INFO] [xaero.pac.OpenPartiesAndClaims/]: Updating all forceload tickets for 4be9efb6-adef-400b-9f63-c249f5a73779
[19mar.2024 00:54:30.362] [Server thread/INFO] [voicechat/]: [voicechat] Disconnecting client SoyPoncho_
